<?xml version="1.0" encoding="UTF-8"?>
<!-- Generated by org.testng.reporters.JUnitReportReporter -->
<testsuite hostname="mohal" failures="0" tests="13" name="TestScenario.TC_InventoryPage" time="1.621" errors="0" timestamp="2024-06-17T22:22:33 IST" skipped="0">
  <testcase classname="TestScenario.TC_InventoryPage" name="printProductNamesandPricesTestCase" time="0.393"/>
  <testcase classname="TestScenario.TC_InventoryPage" name="clickOnAddtoCartBackPackTestCase" time="0.069"/>
  <testcase classname="TestScenario.TC_InventoryPage" name="ClickOnAddtoCartTshirtTestCase" time="0.058"/>
  <testcase classname="TestScenario.TC_InventoryPage" name="click_on_shopping_cart_link_TestCase" time="0.078"/>
  <testcase classname="TestScenario.TC_InventoryPage" name="click_on_checkout_TestCase" time="0.066"/>
  <testcase classname="TestScenario.TC_InventoryPage" name="sendFirstNameTestCase" time="0.098"/>
  <testcase classname="TestScenario.TC_InventoryPage" name="sendLastNameTestCase" time="0.096"/>
  <testcase classname="TestScenario.TC_InventoryPage" name="sendpostalcodeTestCase" time="0.089"/>
  <testcase classname="TestScenario.TC_InventoryPage" name="ClickOnContinueTestCase" time="0.082"/>
  <testcase classname="TestScenario.TC_InventoryPage" name="GetTotalBillInfoTestCase" time="0.359"/>
  <testcase classname="TestScenario.TC_InventoryPage" name="ClickOnfinishTestCase" time="0.083"/>
  <testcase classname="TestScenario.TC_InventoryPage" name="captureTheMessageTestCase" time="0.033"/>
  <testcase classname="TestScenario.TC_InventoryPage" name="ClickOnBacktoProductsTestCase" time="0.117"/>
</testsuite> <!-- TestScenario.TC_InventoryPage -->
