<?xml version="1.0" encoding="UTF-8"?>
<!-- Generated by org.testng.reporters.JUnitReportReporter -->
<testsuite hostname="mohal" failures="0" tests="13" name="TestScenario.TC_InventoryPage" time="1.461" errors="0" timestamp="2024-06-17T21:33:58 IST" skipped="0">
  <testcase classname="TestScenario.TC_InventoryPage" name="printProductNamesandPricesTestCase" time="0.463"/>
  <testcase classname="TestScenario.TC_InventoryPage" name="clickOnAddtoCartBackPackTestCase" time="0.061"/>
  <testcase classname="TestScenario.TC_InventoryPage" name="ClickOnAddtoCartTshirtTestCase" time="0.067"/>
  <testcase classname="TestScenario.TC_InventoryPage" name="click_on_shopping_cart_link_TestCase" time="0.074"/>
  <testcase classname="TestScenario.TC_InventoryPage" name="click_on_checkout_TestCase" time="0.089"/>
  <testcase classname="TestScenario.TC_InventoryPage" name="sendFirstNameTestCase" time="0.090"/>
  <testcase classname="TestScenario.TC_InventoryPage" name="sendLastNameTestCase" time="0.090"/>
  <testcase classname="TestScenario.TC_InventoryPage" name="sendpostalcodeTestCase" time="0.090"/>
  <testcase classname="TestScenario.TC_InventoryPage" name="ClickOnContinueTestCase" time="0.083"/>
  <testcase classname="TestScenario.TC_InventoryPage" name="GetTotalBillInfoTestCase" time="0.182"/>
  <testcase classname="TestScenario.TC_InventoryPage" name="ClickOnfinishTestCase" time="0.076"/>
  <testcase classname="TestScenario.TC_InventoryPage" name="captureTheMessageTestCase" time="0.031"/>
  <testcase classname="TestScenario.TC_InventoryPage" name="ClickOnBacktoProductsTestCase" time="0.065"/>
</testsuite> <!-- TestScenario.TC_InventoryPage -->
