<?xml version="1.0" encoding="UTF-8"?>
<!-- Generated by org.testng.reporters.JUnitReportReporter -->
<testsuite hostname="mohal" failures="0" tests="3" name="TestScenario.TC_LoginPage" time="0.431" errors="0" timestamp="2024-06-17T22:22:33 IST" skipped="0">
  <testcase classname="TestScenario.TC_LoginPage" name="clickOnUserNameTestCase" time="0.168"/>
  <testcase classname="TestScenario.TC_LoginPage" name="clickOnPasswordTestCase" time="0.089"/>
  <testcase classname="TestScenario.TC_LoginPage" name="clickOnLoginButtonTestCase" time="0.174"/>
</testsuite> <!-- TestScenario.TC_LoginPage -->
